<?xml version="1.0" encoding="UTF-8"?>
<!-- Generated by org.testng.reporters.JUnitReportReporter -->
<testsuite hostname="Kumar_venkat" failures="0" tests="1" name="runner.TestRunner" time="46.175" errors="0" timestamp="2025-09-09T17:31:34 IST" skipped="0">
  <testcase classname="runner.TestRunner" name="runScenario" time="46.175"/>
</testsuite> <!-- runner.TestRunner -->
